     1                                  ;c03_mbr.asm
     2                                  ;主引导扇区程序
     3                                  ;2021-08-31，李忠
     4                                  
     5                                  ;-------------------------------------------------------------------------------
     6                                  %include "..\common\global_defs.wid"
     7                              <1> ;global_defs.wid:系统全局使用的常量定义。李忠，2021-09-05
     8                              <1> 
     9                              <1> ;定义地址的，至少按16字节对齐！！！与分页有关的地址必须按4KB对齐！！！
    10                              <1> 
    11                              <1> %ifndef _GLOBAL_DEFS_
    12                              <1>    %define _GLOBAL_DEFS_
    13                              <1> 
    14                              <1>    SDA_PHY_ADDR        equ     0x00007e00	;系统数据区的起始物理地址
    15                              <1>    PML5_PHY_ADDR       equ     0x00009000	;内核5级头表物理地址
    16                              <1>    PML4_PHY_ADDR       equ     0x0000a000	;内核4级头表物理地址
    17                              <1>    PDPT_PHY_ADDR       equ     0x0000b000	;对应于低端2MB的内核页目录指针表物理地址
    18                              <1>    PDT_PHY_ADDR        equ     0x0000c000	;对应于低端2MB的页目录表物理地址
    19                              <1>    PT_PHY_ADDR         equ     0x0000d000	;对应于低端2MB的内核页表的物理地址
    20                              <1>    IDT_PHY_ADDR        equ     0x0000e000	;中断描述符表的物理地址
    21                              <1>    LDR_PHY_ADDR        equ     0x0000f000	;用于安装内核加载器的起始物理地址
    22                              <1>    GDT_PHY_ADDR        equ     0x00010000	;全局描述符表GDT的物理地址
    23                              <1>    CORE_PHY_ADDR       equ     0x00020000	;内核的起始物理地址
    24                              <1>    COR_PDPT_ADDR       equ     0x00100000	;从这个物理地址开始的1MB是内核的254个
    25                              <1> 	                                        ;页目录指针表
    26                              <1>    LDR_START_SECTOR    equ     1      	        ;内核加载器在硬盘上的起始逻辑扇区号
    27                              <1>    COR_START_SECTOR    equ     9      	        ;内核程序在硬盘上的起始逻辑扇区号
    28                              <1> 
    29                              <1>    ;虚拟内存空间的高端起始于线性地址0xffff800000000000
    30                              <1>    UPPER_LINEAR_START  equ     0xffff800000000000
    31                              <1> 
    32                              <1>    UPPER_CORE_LINEAR   equ     UPPER_LINEAR_START + CORE_PHY_ADDR	;内核的高端线性地址
    33                              <1>    UPPER_TEXT_VIDEO    equ     UPPER_LINEAR_START + 0x000b8000	        ;文本显示缓冲区的高
    34                              <1> 	                                                                ;端起始线性地址
    35                              <1>    UPPER_SDA_LINEAR    equ     UPPER_LINEAR_START + SDA_PHY_ADDR	;系统数据区的高端线
    36                              <1> 	                                                                ;性地址
    37                              <1>    UPPER_GDT_LINEAR    equ     UPPER_LINEAR_START + GDT_PHY_ADDR	;GDT的高端线性地址
    38                              <1>    UPPER_IDT_LINEAR    equ     UPPER_LINEAR_START + IDT_PHY_ADDR	;IDT的高端线性地址
    39                              <1> 
    40                              <1>    ;与全局描述符表有关的选择子定义，及内存管理有关的常量定义
    41                              <1>    CORE_CODE64_SEL     equ     0x0018	;内核代码段的描述符选择子（RPL=00）
    42                              <1>    CORE_STACK64_SEL    equ     0x0020	;内核栈段的描述符选择子（RPL=00）
    43                              <1>    RESVD_DESC_SEL      equ     0x002b	;保留的描述符选择子
    44                              <1>    USER_CODE64_SEL     equ     0x003b	;3特权级代码段的描述符选择子（RPL=11）
    45                              <1>    USER_STACK64_SEL    equ     0x0033	;3特权级栈段的描述符选择子（RPL=11）
    46                              <1> 
    47                              <1>    PHY_MEMORY_SIZE     equ     32    	;物理内存大小（MB），要求至少3MB
    48                              <1>    CORE_ALLOC_START    equ     0xffff800000200000	;在虚拟地址空间高端（内核）分配内存
    49                              <1> 			;时的起始地址
    50                              <1>    USER_ALLOC_START    equ     0x0000000000000000	;在每个任务虚拟地址空间低端分配内存
    51                              <1> 			;时的起始地址
    52                              <1> 
    53                              <1>    ;创建任务时，需要分配一个物理页作为新任务的4级头表，并分配一个临时的线性地址来初始化这个页
    54                              <1>    NEW_PML4_LINEAR     equ     0xffffff7ffffff000	;用来映射新任务4级头表的线性地址
    55                              <1> 
    56                              <1>    LAPIC_START_ADDR    equ     0xffffff7fffffe000	;LOCAL APIC寄存器的起始线性地址
    57                              <1>    IOAPIC_START_ADDR   equ     0xffffff7fffffd000	;I/O APIC寄存器的起始线性地址
    58                              <1> 
    59                              <1>    AP_START_UP_ADDR    equ     0x0000f000 	;应用处理器（AP）启动代码的物理地址
    60                              <1> 
    61                              <1>    SUGG_PREEM_SLICE    equ     55          	;推荐的任务/线程抢占时间片长度（毫秒）
    62                              <1> 
    63                              <1>    ;多处理器环境下的自旋锁加锁宏。需要两个参数：寄存器，以及一个对应宽度的锁变量
    64                              <1>    %macro   SET_SPIN_LOCK 2               	;两个参数，分别是寄存器%1和锁变量%2
    65                              <1>             %%spin_lock:
    66                              <1>                        cmp %2, 0           	;锁是释放状态吗？
    67                              <1>                        je %%get_lock      	;获取锁
    68                              <1>                        pause
    69                              <1>                        jmp %%spin_lock    	;继续尝试获取锁
    70                              <1>             %%get_lock:
    71                              <1>                        mov %1, 1
    72                              <1>                        xchg %1, %2
    73                              <1>                        cmp %1, 0          	;交换前为零？
    74                              <1>                        jne %%spin_lock   	;已有程序抢先加锁，失败重来
    75                              <1>    %endmacro
    76                              <1> 
    77                              <1> %endif
    78                              <1> 
     7                                  ;-------------------------------------------------------------------------------
     8                                  SECTION  mbr  vstart=0x00007c00
     9 00000000 31C0                             xor ax, ax
    10 00000002 8ED8                             mov ds, ax
    11 00000004 8EC0                             mov es, ax
    12 00000006 8ED0                             mov ss, ax
    13 00000008 BC007C                           mov sp, 0x7c00
    14                                  
    15                                           ;以下从硬盘逻辑1扇区装入内核加载器
    16 0000000B 666A00                           push dword 0
    17 0000000E 666A01                           push dword LDR_START_SECTOR                  ;传输的起始逻辑扇区号（1)
    18 00000011 68000F                           push word LDR_PHY_ADDR >> 4                  ;压入缓冲区的逻辑段地址
    19 00000014 6A00                             push word 0                                  ;压入缓冲区的起始偏移量
    20 00000016 6A01                             push word 0x0001                             ;传输的扇区数
    21 00000018 6A10                             push word 0x0010                             ;地址结构尺寸及保留字节
    22 0000001A 89E6                             mov si, sp
    23 0000001C B442                             mov ah, 0x42                                 ;INT 13H扩展读功能
    24 0000001E B280                             mov dl, 0x80                                 ;主盘
    25 00000020 CD13                             int 0x13                                     ;成功则CF=0,AH=0；失败则CF=1且AH=错误代码
    26 00000022 BD[9B00]                         mov bp, msg0
    27 00000025 BF0D00                           mov di, msg1 - msg0
    28 00000028 725E                             jc go_err                                    ;读磁盘失败，显示信息并停机
    29                                  
    30 0000002A 1E                               push ds
    31                                  
    32 0000002B B9000F                           mov cx, LDR_PHY_ADDR >> 4                    ;切换到加载器所在的段地址
    33 0000002E 8ED9                             mov ds, cx
    34                                  
    35 00000030 66813E00006C697A68               cmp dword [0], 'lizh'                        ;检查加载器有效标志
    36 00000039 BD[A800]                         mov bp, msg1
    37 0000003C BF1100                           mov di, mend - msg1
    38 0000003F 7547                             jnz go_err                                   ;加载器不存在，显示信息并停机
    39                                  
    40                                           ;以下判断整个程序有多大
    41 00000041 66A10400                         mov eax, [4]                                 ;核心程序尺寸
    42 00000045 6631D2                           xor edx, edx
    43 00000048 66B900020000                     mov ecx, 512                                 ;512字节每扇区
    44 0000004E 66F7F1                           div ecx
    45                                  
    46 00000051 6609D2                           or edx, edx
    47 00000054 7502                             jnz @1                                       ;未除尽，因此结果比实际扇区数少1
    48 00000056 6648                             dec eax                                      ;已经读了一个扇区，扇区总数减1
    49                                     @1:
    50 00000058 6609C0                           or eax, eax                                  ;考虑实际长度≤512个字节的情况
    51 0000005B 741B                             jz go_ldr                                    ;EAX=0 ?
    52                                  
    53                                           ;读取剩余的扇区
    54 0000005D 1F                               pop ds                                       ;为传递磁盘地址结构做准备
    55                                  
    56 0000005E 894402                           mov word [si + 2], ax                        ;重新设置要读取的逻辑扇区数
    57 00000061 C744040002                       mov word [si + 4], 512                       ;重新设置下一个段内偏移量
    58 00000066 66FF4408                         inc dword [si + 8]                           ;起始逻辑扇区号加一
    59 0000006A B442                             mov ah, 0x42                                 ;INT 13H扩展读功能
    60 0000006C B280                             mov dl, 0x80                                 ;主盘
    61 0000006E CD13                             int 0x13                                     ;成功则CF=0,AH=0；失败则CF=1且AH=错误代码
    62                                  
    63 00000070 BD[9B00]                         mov bp, msg0
    64 00000073 BF0D00                           mov di, msg1 - msg0
    65 00000076 7210                             jc go_err                                    ;读磁盘失败，显示信息并停机
    66                                  
    67                                    go_ldr:
    68 00000078 BC007C                           mov sp, 0x7c00                               ;恢复栈的初始状态
    69                                  
    70 0000007B B8000F                           mov ax, LDR_PHY_ADDR >> 4
    71 0000007E 8ED8                             mov ds, ax
    72 00000080 8EC0                             mov es, ax
    73                                  
    74 00000082 1E                               push ds
    75 00000083 FF360800                         push word [8]
    76 00000087 CB                               retf                                         ;进入加载器执行
    77                                  
    78                                    go_err:
    79 00000088 B403                             mov ah, 0x03                                 ;获取光标位置
    80 0000008A B700                             mov bh, 0x00
    81 0000008C CD10                             int 0x10
    82                                  
    83 0000008E 89F9                             mov cx, di
    84 00000090 B80113                           mov ax, 0x1301                               ;写字符串，光标移动
    85 00000093 B700                             mov bh, 0
    86 00000095 B307                             mov bl, 0x07                                 ;属性：常规黑底白字
    87 00000097 CD10                             int 0x10                                     ;显示字符串
    88                                  
    89 00000099 FA                               cli
    90 0000009A F4                               hlt
    91                                  
    92                                  ;-------------------------------------------------------------------------------
    93 0000009B 4469736B206572726F-              msg0             db "Disk error.",0x0d,0x0a
    93 000000A4 722E0D0A           
    94 000000A8 4D697373696E67206C-              msg1             db "Missing loader.",0x0d,0x0a
    94 000000B1 6F616465722E0D0A   
    95                                           mend:
    96                                  ;-------------------------------------------------------------------------------
    97 000000B9 00<rep 145h>                     times 510-($-$$) db 0
    98 000001FE 55AA                                              db 0x55,0xaa
